[2015-06-30T20:44:56.283-0400] [] [INFO] [NCLS-GFLAUNCHER-00005] [javax.enterprise.launcher] [tid: _ThreadID=1 _ThreadName=main] [timeMillis: 1435711496283] [levelValue: 800] [[
  JVM invocation command line:
C:\Program Files (x86)\Java\jdk1.7.0_09\bin\java.exe
-cp
C:/glassfish4/glassfish/modules/glassfish.jar
-XX:+UnlockDiagnosticVMOptions
-XX:MaxPermSize=192m
-XX:NewRatio=2
-Xmx512m
-client
-javaagent:C:/glassfish4/glassfish/lib/monitor/flashlight-agent.jar
-Dosgi.shell.telnet.maxconn=1
-Dfelix.fileinstall.disableConfigSave=false
-Djdbc.drivers=org.apache.derby.jdbc.ClientDriver
-Dfelix.fileinstall.dir=C:\glassfish4\glassfish/modules/autostart/
-Djavax.net.ssl.keyStore=C:\Users\Samuel\Documents\GitHub\LolStats\local\mightyhollows/config/keystore.jks
-Dosgi.shell.telnet.port=6666
-Djava.security.policy=C:\Users\Samuel\Documents\GitHub\LolStats\local\mightyhollows/config/server.policy
-Djava.awt.headless=true
-Dfelix.fileinstall.log.level=2
-Dfelix.fileinstall.poll=5000
-Dcom.sun.aas.instanceRoot=C:\Users\Samuel\Documents\GitHub\LolStats\local\mightyhollows
-Dosgi.shell.telnet.ip=127.0.0.1
-Dcom.sun.enterprise.config.config_environment_factory_class=com.sun.enterprise.config.serverbeans.AppserverConfigEnvironmentFactory
-Djava.endorsed.dirs=C:\glassfish4\glassfish/modules/endorsed;C:\glassfish4\glassfish/lib/endorsed
-Dcom.sun.aas.installRoot=C:\glassfish4\glassfish
-Dfelix.fileinstall.bundles.startTransient=true
-Djava.ext.dirs=C:\Program Files (x86)\Java\jdk1.7.0_09/lib/ext;C:\Program Files (x86)\Java\jdk1.7.0_09/jre/lib/ext;C:\Users\Samuel\Documents\GitHub\LolStats\local\mightyhollows/lib/ext
-Dfelix.fileinstall.bundles.new.start=true
-Djavax.net.ssl.trustStore=C:\Users\Samuel\Documents\GitHub\LolStats\local\mightyhollows/config/cacerts.jks
-Dorg.glassfish.additionalOSGiBundlesToStart=org.apache.felix.shell,org.apache.felix.gogo.runtime,org.apache.felix.gogo.shell,org.apache.felix.gogo.command,org.apache.felix.shell.remote,org.apache.felix.fileinstall
-Dcom.sun.enterprise.security.httpsOutboundKeyAlias=s1as
-Djava.security.auth.login.config=C:\Users\Samuel\Documents\GitHub\LolStats\local\mightyhollows/config/login.conf
-DANTLR_USE_DIRECT_CLASS_LOADING=true
-Dgosh.args=--nointeractive
-Djava.library.path=C:/glassfish4/glassfish/lib;C:/Program Files (x86)/Java/jdk1.7.0_09/bin;C:/Windows/Sun/Java/bin;C:/Windows/System32;C:/Windows;C:/ProgramData/Oracle/Java/javapath;C:/Program Files (x86)/Intel/iCLS Client;C:/Program Files/Intel/iCLS Client;C:/Program Files (x86)/AMD APP/bin/x86_64;C:/Program Files (x86)/AMD APP/bin/x86;C:/Program Files/Common Files/Microsoft Shared/Windows Live;C:/Program Files (x86)/Common Files/microsoft shared/Windows Live;C:/Windows/System32/wbem;C:/Windows/System32/WindowsPowerShell/v1.0;C:/Program Files (x86)/Java/jre7/bin;C:/Program Files (x86)/Windows Live/Shared;C:/Program Files (x86)/Videocharge Software/Watermark Master;C:/Program Files (x86)/ATI Technologies/ATI.ACE/Core-Static;C:/Program Files/Intel/Intel(R) Management Engine Components/DAL;C:/Program Files/Intel/Intel(R) Management Engine Components/IPT;C:/Program Files (x86)/Intel/Intel(R) Management Engine Components/DAL;C:/Program Files (x86)/Intel/Intel(R) Management Engine Components/IPT;C:/Program Files (x86)/Common Files/Sage SData;C:/Program Files (x86)/Common Files/Sage SBD;C:/Program Files (x86)/MySQL/MySQL Utilities 1.3.4;C:/Program Files (x86)/Microsoft SQL Server/100/Tools/Binn;C:/Program Files/Microsoft SQL Server/100/Tools/Binn;C:/Program Files/Microsoft SQL Server/100/DTS/Binn;C:/Program Files (x86)/QuickTime/QTSystem;C:/Program Files (x86)/Sennheiser/HeadSetup;C:/Program Files (x86)/Windows Kits/8.1/Windows Performance Toolkit;C:/Program Files (x86)/Skype/Phone;C:/Program Files (x86)/NVIDIA Corporation/PhysX/Common;C:/Program Files (x86)/IVI Foundation/VISA/WinNT/Bin;C:/Program Files (x86)/Heroku/bin;C:/Program Files (x86)/Git/cmd;C:/Program Files (x86)/PHP/php.exe;C:/Program Files (x86)/PHP;C:/ProgramData/ComposerSetup/bin;C:/Program Files (x86)/ftldat;C:/glassfish4/bin
com.sun.enterprise.glassfish.bootstrap.ASMain
-domainname
mightyhollows
-asadmin-args
--host,,,localhost,,,--port,,,4848,,,--secure=false,,,--terse=false,,,--echo=false,,,--interactive=true,,,start-domain,,,--verbose=false,,,--watchdog=false,,,--debug=false,,,--domaindir,,,C:\Users\Samuel\Documents\GitHub\LolStats\local,,,mightyhollows
-instancename
server
-verbose
false
-debug
false
-asadmin-classpath
C:/glassfish4/glassfish/lib/client/appserver-cli.jar
-asadmin-classname
com.sun.enterprise.admin.cli.AdminMain
-upgrade
false
-type
DAS
-domaindir
C:/Users/Samuel/Documents/GitHub/LolStats/local/mightyhollows
-read-stdin
true]]

[2015-06-30T20:45:32.644-0400] [glassfish 4.0] [INFO] [NCLS-LOGGING-00009] [javax.enterprise.logging] [tid: _ThreadID=1 _ThreadName=main] [timeMillis: 1435711532644] [levelValue: 800] [[
  Running GlassFish Version: GlassFish Server Open Source Edition  4.0  (build 89)]]

[2015-06-30T20:45:32.645-0400] [glassfish 4.0] [INFO] [NCLS-LOGGING-00010] [javax.enterprise.logging] [tid: _ThreadID=1 _ThreadName=main] [timeMillis: 1435711532645] [levelValue: 800] [[
  Server log file is using Formatter class: com.sun.enterprise.server.logging.ODLLogFormatter]]

[2015-06-30T20:45:33.179-0400] [glassfish 4.0] [INFO] [] [javax.enterprise.system.core.security.com.sun.enterprise.security.auth.realm] [tid: _ThreadID=1 _ThreadName=main] [timeMillis: 1435711533179] [levelValue: 800] [[
  SEC1115: Realm [admin-realm] of classtype [com.sun.enterprise.security.auth.realm.file.FileRealm] successfully created.]]

[2015-06-30T20:45:33.185-0400] [glassfish 4.0] [INFO] [] [javax.enterprise.system.core.security.com.sun.enterprise.security.auth.realm] [tid: _ThreadID=1 _ThreadName=main] [timeMillis: 1435711533185] [levelValue: 800] [[
  SEC1115: Realm [file] of classtype [com.sun.enterprise.security.auth.realm.file.FileRealm] successfully created.]]

[2015-06-30T20:45:33.189-0400] [glassfish 4.0] [INFO] [] [javax.enterprise.system.core.security.com.sun.enterprise.security.auth.realm] [tid: _ThreadID=1 _ThreadName=main] [timeMillis: 1435711533189] [levelValue: 800] [[
  SEC1115: Realm [certificate] of classtype [com.sun.enterprise.security.auth.realm.certificate.CertificateRealm] successfully created.]]

[2015-06-30T20:45:33.951-0400] [glassfish 4.0] [INFO] [] [javax.enterprise.system.core] [tid: _ThreadID=1 _ThreadName=main] [timeMillis: 1435711533951] [levelValue: 800] [[
  Grizzly Framework 2.3.1 started in: 85ms - bound to [/0.0.0.0:8,080]]]

[2015-06-30T20:45:33.996-0400] [glassfish 4.0] [INFO] [] [javax.enterprise.system.core] [tid: _ThreadID=1 _ThreadName=main] [timeMillis: 1435711533996] [levelValue: 800] [[
  Grizzly Framework 2.3.1 started in: 1ms - bound to [/0.0.0.0:8,181]]]

[2015-06-30T20:45:34.003-0400] [glassfish 4.0] [INFO] [] [javax.enterprise.system.core] [tid: _ThreadID=1 _ThreadName=main] [timeMillis: 1435711534003] [levelValue: 800] [[
  Grizzly Framework 2.3.1 started in: 2ms - bound to [/0.0.0.0:4,848]]]

[2015-06-30T20:45:34.100-0400] [glassfish 4.0] [INFO] [] [javax.enterprise.system.core.security.org.glassfish.security.services.impl.authorization] [tid: _ThreadID=1 _ThreadName=main] [timeMillis: 1435711534100] [levelValue: 800] [[
  Authorization Service has successfully initialized.]]

[2015-06-30T20:45:34.145-0400] [glassfish 4.0] [INFO] [] [javax.enterprise.system.core] [tid: _ThreadID=1 _ThreadName=main] [timeMillis: 1435711534145] [levelValue: 800] [[
  Grizzly Framework 2.3.1 started in: 2ms - bound to [/0.0.0.0:3,700]]]

[2015-06-30T20:45:34.149-0400] [glassfish 4.0] [INFO] [] [org.glassfish.ha.store.spi.BackingStoreFactoryRegistry] [tid: _ThreadID=1 _ThreadName=main] [timeMillis: 1435711534149] [levelValue: 800] [[
  Registered org.glassfish.ha.store.adapter.cache.ShoalBackingStoreProxy for persistence-type = replicated in BackingStoreFactoryRegistry]]

[2015-06-30T20:45:34.325-0400] [glassfish 4.0] [INFO] [] [org.hibernate.validator.internal.util.Version] [tid: _ThreadID=1 _ThreadName=main] [timeMillis: 1435711534325] [levelValue: 800] [[
  HV000001: Hibernate Validator 5.0.0.Final]]

[2015-06-30T20:45:34.919-0400] [glassfish 4.0] [INFO] [NCLS-CORE-00017] [javax.enterprise.system.core] [tid: _ThreadID=1 _ThreadName=main] [timeMillis: 1435711534919] [levelValue: 800] [[
  GlassFish Server Open Source Edition  4.0  (89) startup time : Felix (33,912ms), startup services(4,169ms), total(38,081ms)]]

[2015-06-30T20:45:35.021-0400] [glassfish 4.0] [INFO] [] [org.glassfish.jersey.server.ApplicationHandler] [tid: _ThreadID=59 _ThreadName=pool-13-thread-1] [timeMillis: 1435711535021] [levelValue: 800] [[
  Initiating Jersey application, version Jersey: 2.0 2013-05-14 20:07:34...]]

[2015-06-30T20:45:35.628-0400] [glassfish 4.0] [INFO] [NCLS-JMX-00005] [javax.enterprise.system.jmx] [tid: _ThreadID=62 _ThreadName=Thread-6] [timeMillis: 1435711535628] [levelValue: 800] [[
  JMXStartupService has started JMXConnector on JMXService URL service:jmx:rmi://Samuel-PC:8686/jndi/rmi://Samuel-PC:8686/jmxrmi]]

[2015-06-30T20:45:35.982-0400] [glassfish 4.0] [INFO] [] [javax.enterprise.system.core] [tid: _ThreadID=1 _ThreadName=main] [timeMillis: 1435711535982] [levelValue: 800] [[
  Grizzly Framework 2.3.1 started in: 2ms - bound to [/0.0.0.0:7,676]]]

[2015-06-30T20:45:36.085-0400] [glassfish 4.0] [INFO] [NCLS-BOOTSTRAP-00027] [javax.enterprise.bootstrap] [tid: _ThreadID=1 _ThreadName=main] [timeMillis: 1435711536085] [levelValue: 800] [[
  Registered com.sun.enterprise.glassfish.bootstrap.osgi.EmbeddedOSGiGlassFishImpl@1f52a96 as OSGi service registration: org.apache.felix.framework.ServiceRegistrationImpl@d2b5cf.]]

[2015-06-30T20:47:35.952-0400] [glassfish 4.0] [INFO] [] [] [tid: _ThreadID=70 _ThreadName=PingService] [timeMillis: 1435711655952] [levelValue: 800] [[
  Domain Pinged: release.glassfish.org]]

[2015-06-30T20:58:42.463-0400] [glassfish 4.0] [INFO] [] [javax.enterprise.system.core] [tid: _ThreadID=102 _ThreadName=pool-24-thread-1] [timeMillis: 1435712322463] [levelValue: 800] [[
  Grizzly Framework 2.3.1 started in: 2ms - bound to [/0.0.0.0:8,080]]]

[2015-06-30T20:58:42.471-0400] [glassfish 4.0] [INFO] [] [javax.enterprise.system.core] [tid: _ThreadID=102 _ThreadName=pool-24-thread-1] [timeMillis: 1435712322471] [levelValue: 800] [[
  Grizzly Framework 2.3.1 started in: 2ms - bound to [/0.0.0.0:8,181]]]

[2015-06-30T20:58:42.732-0400] [glassfish 4.0] [INFO] [] [] [tid: _ThreadID=122 _ThreadName=Thread-16] [timeMillis: 1435712322732] [levelValue: 800] [[
  this.makeModuleFor(org.glassfish.main.web.glue, null) returned OSGiModuleImpl:: Bundle = [org.glassfish.main.web.glue [263]], State = [READY]]]

[2015-06-30T20:58:42.733-0400] [glassfish 4.0] [INFO] [] [] [tid: _ThreadID=122 _ThreadName=Thread-16] [timeMillis: 1435712322733] [levelValue: 800] [[
  this.makeModuleFor(org.glassfish.web.javax.servlet.jsp, null) returned OSGiModuleImpl:: Bundle = [org.glassfish.web.javax.servlet.jsp [149]], State = [READY]]]

[2015-06-30T20:58:43.151-0400] [glassfish 4.0] [INFO] [] [javax.enterprise.system.tools.deployment.common] [tid: _ThreadID=122 _ThreadName=Thread-16] [timeMillis: 1435712323151] [levelValue: 800] [[
  visiting unvisited references]]

[2015-06-30T20:58:43.279-0400] [glassfish 4.0] [INFO] [] [] [tid: _ThreadID=122 _ThreadName=Thread-16] [timeMillis: 1435712323279] [levelValue: 800] [[
  this.makeModuleFor(org.glassfish.main.admingui.console-common, 4.0.0) returned OSGiModuleImpl:: Bundle = [org.glassfish.main.admingui.console-common [48]], State = [READY]]]

[2015-06-30T20:58:43.280-0400] [glassfish 4.0] [INFO] [] [] [tid: _ThreadID=122 _ThreadName=Thread-16] [timeMillis: 1435712323280] [levelValue: 800] [[
  this.makeModuleFor(org.glassfish.hk2.hk2, 2.1.92) returned OSGiModuleImpl:: Bundle = [org.glassfish.hk2.hk2 [118]], State = [READY]]]

[2015-06-30T20:58:43.280-0400] [glassfish 4.0] [INFO] [] [] [tid: _ThreadID=122 _ThreadName=Thread-16] [timeMillis: 1435712323280] [levelValue: 800] [[
  this.makeModuleFor(org.glassfish.main.admingui.console-plugin-service, 4.0.0) returned OSGiModuleImpl:: Bundle = [org.glassfish.main.admingui.console-plugin-service [58]], State = [READY]]]

[2015-06-30T20:58:43.283-0400] [glassfish 4.0] [INFO] [] [] [tid: _ThreadID=122 _ThreadName=Thread-16] [timeMillis: 1435712323283] [levelValue: 800] [[
  this.makeModuleFor(org.glassfish.main.deployment.deployment-client, 4.0.0) returned OSGiModuleImpl:: Bundle = [org.glassfish.main.deployment.deployment-client [67]], State = [READY]]]

[2015-06-30T20:58:43.284-0400] [glassfish 4.0] [INFO] [] [] [tid: _ThreadID=122 _ThreadName=Thread-16] [timeMillis: 1435712323284] [levelValue: 800] [[
  this.makeModuleFor(org.glassfish.main.registration.registration-api, 4.0.0) returned OSGiModuleImpl:: Bundle = [org.glassfish.main.registration.registration-api [230]], State = [READY]]]

[2015-06-30T20:58:43.284-0400] [glassfish 4.0] [INFO] [] [] [tid: _ThreadID=122 _ThreadName=Thread-16] [timeMillis: 1435712323284] [levelValue: 800] [[
  this.makeModuleFor(org.glassfish.main.registration.registration-impl, 4.0.0) returned OSGiModuleImpl:: Bundle = [org.glassfish.main.registration.registration-impl [231]], State = [READY]]]

[2015-06-30T20:58:43.284-0400] [glassfish 4.0] [INFO] [] [] [tid: _ThreadID=122 _ThreadName=Thread-16] [timeMillis: 1435712323284] [levelValue: 800] [[
  this.makeModuleFor(javax.servlet-api, 3.1.0) returned OSGiModuleImpl:: Bundle = [javax.servlet-api [147]], State = [READY]]]

[2015-06-30T20:58:43.284-0400] [glassfish 4.0] [INFO] [] [] [tid: _ThreadID=122 _ThreadName=Thread-16] [timeMillis: 1435712323284] [levelValue: 800] [[
  this.makeModuleFor(javax.servlet.jsp-api, 2.3.1) returned OSGiModuleImpl:: Bundle = [javax.servlet.jsp-api [148]], State = [READY]]]

[2015-06-30T20:58:43.285-0400] [glassfish 4.0] [INFO] [] [] [tid: _ThreadID=122 _ThreadName=Thread-16] [timeMillis: 1435712323285] [levelValue: 800] [[
  this.makeModuleFor(com.sun.el.javax.el, 3.0.0) returned OSGiModuleImpl:: Bundle = [com.sun.el.javax.el [132]], State = [READY]]]

[2015-06-30T20:58:43.285-0400] [glassfish 4.0] [INFO] [] [] [tid: _ThreadID=122 _ThreadName=Thread-16] [timeMillis: 1435712323285] [levelValue: 800] [[
  this.makeModuleFor(com.sun.jsftemplating, 2.1.0) returned OSGiModuleImpl:: Bundle = [com.sun.jsftemplating [186]], State = [READY]]]

[2015-06-30T20:58:43.285-0400] [glassfish 4.0] [INFO] [] [] [tid: _ThreadID=122 _ThreadName=Thread-16] [timeMillis: 1435712323285] [levelValue: 800] [[
  this.makeModuleFor(org.glassfish.main.admingui.dataprovider, 4.0.0) returned OSGiModuleImpl:: Bundle = [org.glassfish.main.admingui.dataprovider [63]], State = [READY]]]

[2015-06-30T20:58:43.285-0400] [glassfish 4.0] [INFO] [] [] [tid: _ThreadID=122 _ThreadName=Thread-16] [timeMillis: 1435712323285] [levelValue: 800] [[
  this.makeModuleFor(com.sun.pkg.client, 1.0.0) returned OSGiModuleImpl:: Bundle = [com.sun.pkg.client [229]], State = [READY]]]

[2015-06-30T20:58:43.286-0400] [glassfish 4.0] [INFO] [] [] [tid: _ThreadID=122 _ThreadName=Thread-16] [timeMillis: 1435712323286] [levelValue: 800] [[
  this.makeModuleFor(org.glassfish.main.admingui.console-jca-plugin, 4.0.0) returned OSGiModuleImpl:: Bundle = [org.glassfish.main.admingui.console-jca-plugin [54]], State = [READY]]]

[2015-06-30T20:58:43.286-0400] [glassfish 4.0] [INFO] [] [] [tid: _ThreadID=122 _ThreadName=Thread-16] [timeMillis: 1435712323286] [levelValue: 800] [[
  this.makeModuleFor(org.glassfish.main.admingui.console-corba-plugin, 4.0.0) returned OSGiModuleImpl:: Bundle = [org.glassfish.main.admingui.console-corba-plugin [51]], State = [READY]]]

[2015-06-30T20:58:43.286-0400] [glassfish 4.0] [INFO] [] [] [tid: _ThreadID=122 _ThreadName=Thread-16] [timeMillis: 1435712323286] [levelValue: 800] [[
  this.makeModuleFor(org.glassfish.main.admingui.console-web-plugin, 4.0.0) returned OSGiModuleImpl:: Bundle = [org.glassfish.main.admingui.console-web-plugin [60]], State = [READY]]]

[2015-06-30T20:58:43.286-0400] [glassfish 4.0] [INFO] [] [] [tid: _ThreadID=122 _ThreadName=Thread-16] [timeMillis: 1435712323286] [levelValue: 800] [[
  this.makeModuleFor(org.glassfish.main.admingui.console-community-branding-plugin, 4.0.0) returned OSGiModuleImpl:: Bundle = [org.glassfish.main.admingui.console-community-branding-plugin [49]], State = [READY]]]

[2015-06-30T20:58:43.286-0400] [glassfish 4.0] [INFO] [] [] [tid: _ThreadID=122 _ThreadName=Thread-16] [timeMillis: 1435712323286] [levelValue: 800] [[
  this.makeModuleFor(org.glassfish.main.admingui.console-jts-plugin, 4.0.0) returned OSGiModuleImpl:: Bundle = [org.glassfish.main.admingui.console-jts-plugin [57]], State = [READY]]]

[2015-06-30T20:58:43.312-0400] [glassfish 4.0] [INFO] [] [] [tid: _ThreadID=122 _ThreadName=Thread-16] [timeMillis: 1435712323312] [levelValue: 800] [[
  this.makeModuleFor(org.glassfish.main.admingui.console-ejb-plugin, 4.0.0) returned OSGiModuleImpl:: Bundle = [org.glassfish.main.admingui.console-ejb-plugin [53]], State = [READY]]]

[2015-06-30T20:58:43.324-0400] [glassfish 4.0] [INFO] [] [] [tid: _ThreadID=122 _ThreadName=Thread-16] [timeMillis: 1435712323324] [levelValue: 800] [[
  this.makeModuleFor(org.glassfish.main.admingui.console-common-full-plugin, 4.0.0) returned OSGiModuleImpl:: Bundle = [org.glassfish.main.admingui.console-common-full-plugin [47]], State = [READY]]]

[2015-06-30T20:58:43.324-0400] [glassfish 4.0] [INFO] [] [] [tid: _ThreadID=122 _ThreadName=Thread-16] [timeMillis: 1435712323324] [levelValue: 800] [[
  this.makeModuleFor(org.glassfish.main.admingui.console-concurrent-plugin, 4.0.0) returned OSGiModuleImpl:: Bundle = [org.glassfish.main.admingui.console-concurrent-plugin [50]], State = [READY]]]

[2015-06-30T20:58:43.324-0400] [glassfish 4.0] [INFO] [] [] [tid: _ThreadID=122 _ThreadName=Thread-16] [timeMillis: 1435712323324] [levelValue: 800] [[
  this.makeModuleFor(org.glassfish.main.admingui.console-common, 4.0.0) returned OSGiModuleImpl:: Bundle = [org.glassfish.main.admingui.console-common [48]], State = [READY]]]

[2015-06-30T20:58:43.324-0400] [glassfish 4.0] [INFO] [] [] [tid: _ThreadID=122 _ThreadName=Thread-16] [timeMillis: 1435712323324] [levelValue: 800] [[
  this.makeModuleFor(org.glassfish.main.admingui.console-jms-plugin, 4.0.0) returned OSGiModuleImpl:: Bundle = [org.glassfish.main.admingui.console-jms-plugin [56]], State = [READY]]]

[2015-06-30T20:58:43.324-0400] [glassfish 4.0] [INFO] [] [] [tid: _ThreadID=122 _ThreadName=Thread-16] [timeMillis: 1435712323324] [levelValue: 800] [[
  this.makeModuleFor(org.glassfish.main.admingui.console-cluster-plugin, 4.0.0) returned OSGiModuleImpl:: Bundle = [org.glassfish.main.admingui.console-cluster-plugin [46]], State = [READY]]]

[2015-06-30T20:58:43.324-0400] [glassfish 4.0] [INFO] [] [] [tid: _ThreadID=122 _ThreadName=Thread-16] [timeMillis: 1435712323324] [levelValue: 800] [[
  this.makeModuleFor(org.glassfish.main.admingui.console-ejb-lite-plugin, 4.0.0) returned OSGiModuleImpl:: Bundle = [org.glassfish.main.admingui.console-ejb-lite-plugin [52]], State = [READY]]]

[2015-06-30T20:58:43.325-0400] [glassfish 4.0] [INFO] [] [] [tid: _ThreadID=122 _ThreadName=Thread-16] [timeMillis: 1435712323325] [levelValue: 800] [[
  this.makeModuleFor(org.glassfish.main.admingui.console-updatecenter-plugin, 4.0.0) returned OSGiModuleImpl:: Bundle = [org.glassfish.main.admingui.console-updatecenter-plugin [59]], State = [READY]]]

[2015-06-30T20:58:43.327-0400] [glassfish 4.0] [INFO] [] [] [tid: _ThreadID=122 _ThreadName=Thread-16] [timeMillis: 1435712323327] [levelValue: 800] [[
  this.makeModuleFor(org.glassfish.main.admingui.console-jdbc-plugin, 4.0.0) returned OSGiModuleImpl:: Bundle = [org.glassfish.main.admingui.console-jdbc-plugin [55]], State = [READY]]]

[2015-06-30T20:58:43.698-0400] [glassfish 4.0] [SEVERE] [java_security.expired_certificate] [javax.enterprise.system.ssl.security.com.sun.enterprise.security.ssl.impl] [tid: _ThreadID=35 _ThreadName=admin-listener(3)] [timeMillis: 1435712323698] [levelValue: 1000] [[
  SEC5054: Certificate has expired: [
[
  Version: V3
  Subject: CN=GTE CyberTrust Root 5, OU="GTE CyberTrust Solutions, Inc.", O=GTE Corporation, C=US
  Signature Algorithm: SHA1withRSA, OID = 1.2.840.113549.1.1.5

  Key:  Sun RSA public key, 2048 bits
  modulus: 23741889829347261660812437366387754385443431973861114865490414153884050331745811968523116847625570146592736935209718565296053386842135985534863157983128812774162998053673746470782252407673402238146869994438729551246768368782318393878374421033907597162218758024581735139682087126982809511479059100617027892880227587855877479432885604404402435662802390484099065871430585284534529627347717530352189612077130606642676951640071336717026459037542552927905851171460589361570392199748753414855675665635003335769915908187224347232807336022456537328962095005323382940080676931822787496212635993279098588863972868266229522169377
  public exponent: 65537
  Validity: [From: Fri Aug 14 10:50:00 EDT 1998,
               To: Wed Aug 14 19:59:00 EDT 2013]
  Issuer: CN=GTE CyberTrust Root 5, OU="GTE CyberTrust Solutions, Inc.", O=GTE Corporation, C=US
  SerialNumber: [    01b6]

Certificate Extensions: 4
[1]: ObjectId: 2.5.29.19 Criticality=true
BasicConstraints:[
  CA:true
  PathLen:5
]

[2]: ObjectId: 2.5.29.32 Criticality=false
CertificatePolicies [
  [CertificatePolicyId: [1.2.840.113763.1.2.1.3]
[]  ]
]

[3]: ObjectId: 2.5.29.15 Criticality=true
KeyUsage [
  Key_CertSign
  Crl_Sign
]

[4]: ObjectId: 2.5.29.14 Criticality=false
SubjectKeyIdentifier [
KeyIdentifier [
0000: 76 0A 49 21 38 4C 9F DE   F8 C4 49 C7 71 71 91 9D  v.I!8L....I.qq..
]
]

]
  Algorithm: [SHA1withRSA]
  Signature:
0000: 41 3A D4 18 5B DA B8 DE   21 1C E1 8E 09 E5 F1 68  A:..[...!......h
0010: 34 FF DE 96 F4 07 F5 A7   3C F3 AC 4A B1 9B FA 92  4.......<..J....
0020: FA 9B ED E6 32 21 AA 4A   76 C5 DC 4F 38 E5 DF D5  ....2!.Jv..O8...
0030: 86 E4 D5 C8 76 7D 98 D7   B1 CD 8F 4D B5 91 23 6C  ....v......M..#l
0040: 8B 8A EB EA 7C EF 14 94   C4 C6 F0 1F 4A 2D 32 71  ............J-2q
0050: 63 2B 63 91 26 02 09 B6   80 1D ED E2 CC B8 7F DB  c+c.&...........
0060: 87 63 C8 E1 D0 6C 26 B1   35 1D 40 66 10 1B CD 95  .c...l&.5.@f....
0070: 54 18 33 61 EC 13 4F DA   13 F7 99 AF 3E D0 CF 8E  T.3a..O.....>...
0080: A6 72 A2 B3 C3 05 9A C9   27 7D 92 CC 7E 52 8D B3  .r......'....R..
0090: AB 70 6D 9E 89 9F 4D EB   1A 75 C2 98 AA D5 02 16  .pm...M..u......
00A0: D7 0C 8A BF 25 E4 EB 2D   BC 98 E9 58 38 19 7C B9  ....%..-...X8...
00B0: 37 FE DB E2 99 08 73 06   C7 97 83 6A 7D 10 01 2F  7.....s....j.../
00C0: 32 B9 17 05 4A 65 E6 2F   CE BE 5E 53 A6 82 E9 9A  2...Je./..^S....
00D0: 53 0A 84 74 2D 83 CA C8   94 16 76 5F 94 61 28 F0  S..t-.....v_.a(.
00E0: 85 A7 39 BB D7 8B D9 A8   B2 13 1D 54 09 34 24 7D  ..9........T.4$.
00F0: 20 81 7D 66 7E A2 90 74   5C 10 C6 BD EC AB 1B C2   ..f...t\.......

]]]

[2015-06-30T20:58:43.937-0400] [glassfish 4.0] [INFO] [AS-WEB-GLUE-00198] [javax.enterprise.web] [tid: _ThreadID=122 _ThreadName=Thread-16] [timeMillis: 1435712323937] [levelValue: 800] [[
  Created HTTP listener http-listener-1 on host/port 0.0.0.0:8080]]

[2015-06-30T20:58:43.940-0400] [glassfish 4.0] [INFO] [AS-WEB-GLUE-00198] [javax.enterprise.web] [tid: _ThreadID=122 _ThreadName=Thread-16] [timeMillis: 1435712323940] [levelValue: 800] [[
  Created HTTP listener http-listener-2 on host/port 0.0.0.0:8181]]

[2015-06-30T20:58:43.944-0400] [glassfish 4.0] [INFO] [AS-WEB-GLUE-00198] [javax.enterprise.web] [tid: _ThreadID=122 _ThreadName=Thread-16] [timeMillis: 1435712323944] [levelValue: 800] [[
  Created HTTP listener admin-listener on host/port 0.0.0.0:4848]]

[2015-06-30T20:58:43.962-0400] [glassfish 4.0] [INFO] [AS-WEB-GLUE-00200] [javax.enterprise.web] [tid: _ThreadID=122 _ThreadName=Thread-16] [timeMillis: 1435712323962] [levelValue: 800] [[
  Created virtual server server]]

[2015-06-30T20:58:43.964-0400] [glassfish 4.0] [INFO] [AS-WEB-GLUE-00200] [javax.enterprise.web] [tid: _ThreadID=122 _ThreadName=Thread-16] [timeMillis: 1435712323964] [levelValue: 800] [[
  Created virtual server __asadmin]]

[2015-06-30T20:58:44.397-0400] [glassfish 4.0] [INFO] [AS-WEB-CORE-00306] [javax.enterprise.web.core] [tid: _ThreadID=122 _ThreadName=Thread-16] [timeMillis: 1435712324397] [levelValue: 800] [[
  Setting JAAS app name glassfish-web]]

[2015-06-30T20:58:44.397-0400] [glassfish 4.0] [INFO] [AS-WEB-GLUE-00201] [javax.enterprise.web] [tid: _ThreadID=122 _ThreadName=Thread-16] [timeMillis: 1435712324397] [levelValue: 800] [[
  Virtual server server loaded default web module ]]

[2015-06-30T20:58:44.663-0400] [glassfish 4.0] [INFO] [] [org.glassfish.jersey.server.ApplicationHandler] [tid: _ThreadID=35 _ThreadName=admin-listener(3)] [timeMillis: 1435712324663] [levelValue: 800] [[
  Initiating Jersey application, version Jersey: 2.0 2013-05-14 20:07:34...]]

[2015-06-30T20:58:44.844-0400] [glassfish 4.0] [INFO] [] [javax.enterprise.system.core.security.com.sun.enterprise.security] [tid: _ThreadID=122 _ThreadName=Thread-16] [timeMillis: 1435712324844] [levelValue: 800] [[
  SEC1002: Security Manager is OFF.]]

[2015-06-30T20:58:44.896-0400] [glassfish 4.0] [INFO] [] [javax.enterprise.system.core.security.com.sun.enterprise.security] [tid: _ThreadID=122 _ThreadName=Thread-16] [timeMillis: 1435712324896] [levelValue: 800] [[
  SEC1010: Entering Security Startup Service]]

[2015-06-30T20:58:44.899-0400] [glassfish 4.0] [INFO] [] [javax.enterprise.system.core.security.com.sun.enterprise.security] [tid: _ThreadID=122 _ThreadName=Thread-16] [timeMillis: 1435712324899] [levelValue: 800] [[
  SEC1143: Loading policy provider com.sun.enterprise.security.provider.PolicyWrapper.]]

[2015-06-30T20:58:45.007-0400] [glassfish 4.0] [INFO] [NCLS-REST-00001] [javax.enterprise.admin.rest] [tid: _ThreadID=35 _ThreadName=admin-listener(3)] [timeMillis: 1435712325007] [levelValue: 800] [[
  Listening to REST requests at context: /management/domain.]]

[2015-06-30T20:58:45.016-0400] [glassfish 4.0] [INFO] [] [javax.enterprise.system.core.security.com.sun.enterprise.security] [tid: _ThreadID=122 _ThreadName=Thread-16] [timeMillis: 1435712325016] [levelValue: 800] [[
  SEC1011: Security Service(s) Started Successfully]]

[2015-06-30T20:58:45.520-0400] [glassfish 4.0] [INFO] [] [javax.enterprise.system.tools.deployment.common] [tid: _ThreadID=122 _ThreadName=Thread-16] [timeMillis: 1435712325520] [levelValue: 800] [[
  visiting unvisited references]]

[2015-06-30T20:58:45.551-0400] [glassfish 4.0] [INFO] [] [javax.enterprise.system.tools.deployment.common] [tid: _ThreadID=122 _ThreadName=Thread-16] [timeMillis: 1435712325551] [levelValue: 800] [[
  visiting unvisited references]]

[2015-06-30T20:58:45.552-0400] [glassfish 4.0] [INFO] [] [javax.enterprise.system.tools.deployment.common] [tid: _ThreadID=122 _ThreadName=Thread-16] [timeMillis: 1435712325552] [levelValue: 800] [[
  visiting unvisited references]]

[2015-06-30T20:58:45.638-0400] [glassfish 4.0] [INFO] [] [] [tid: _ThreadID=122 _ThreadName=Thread-16] [timeMillis: 1435712325638] [levelValue: 800] [[
  this.makeModuleFor(org.glassfish.main.admingui.console-common, 4.0.0) returned OSGiModuleImpl:: Bundle = [org.glassfish.main.admingui.console-common [48]], State = [READY]]]

[2015-06-30T20:58:45.638-0400] [glassfish 4.0] [INFO] [] [] [tid: _ThreadID=122 _ThreadName=Thread-16] [timeMillis: 1435712325638] [levelValue: 800] [[
  this.makeModuleFor(org.glassfish.hk2.hk2, 2.1.92) returned OSGiModuleImpl:: Bundle = [org.glassfish.hk2.hk2 [118]], State = [READY]]]

[2015-06-30T20:58:45.638-0400] [glassfish 4.0] [INFO] [] [] [tid: _ThreadID=122 _ThreadName=Thread-16] [timeMillis: 1435712325638] [levelValue: 800] [[
  this.makeModuleFor(org.glassfish.main.admingui.console-plugin-service, 4.0.0) returned OSGiModuleImpl:: Bundle = [org.glassfish.main.admingui.console-plugin-service [58]], State = [READY]]]

[2015-06-30T20:58:45.638-0400] [glassfish 4.0] [INFO] [] [] [tid: _ThreadID=122 _ThreadName=Thread-16] [timeMillis: 1435712325638] [levelValue: 800] [[
  this.makeModuleFor(org.glassfish.main.deployment.deployment-client, 4.0.0) returned OSGiModuleImpl:: Bundle = [org.glassfish.main.deployment.deployment-client [67]], State = [READY]]]

[2015-06-30T20:58:45.639-0400] [glassfish 4.0] [INFO] [] [] [tid: _ThreadID=122 _ThreadName=Thread-16] [timeMillis: 1435712325639] [levelValue: 800] [[
  this.makeModuleFor(org.glassfish.main.registration.registration-api, 4.0.0) returned OSGiModuleImpl:: Bundle = [org.glassfish.main.registration.registration-api [230]], State = [READY]]]

[2015-06-30T20:58:45.639-0400] [glassfish 4.0] [INFO] [] [] [tid: _ThreadID=122 _ThreadName=Thread-16] [timeMillis: 1435712325639] [levelValue: 800] [[
  this.makeModuleFor(org.glassfish.main.registration.registration-impl, 4.0.0) returned OSGiModuleImpl:: Bundle = [org.glassfish.main.registration.registration-impl [231]], State = [READY]]]

[2015-06-30T20:58:45.639-0400] [glassfish 4.0] [INFO] [] [] [tid: _ThreadID=122 _ThreadName=Thread-16] [timeMillis: 1435712325639] [levelValue: 800] [[
  this.makeModuleFor(javax.servlet-api, 3.1.0) returned OSGiModuleImpl:: Bundle = [javax.servlet-api [147]], State = [READY]]]

[2015-06-30T20:58:45.639-0400] [glassfish 4.0] [INFO] [] [] [tid: _ThreadID=122 _ThreadName=Thread-16] [timeMillis: 1435712325639] [levelValue: 800] [[
  this.makeModuleFor(javax.servlet.jsp-api, 2.3.1) returned OSGiModuleImpl:: Bundle = [javax.servlet.jsp-api [148]], State = [READY]]]

[2015-06-30T20:58:45.639-0400] [glassfish 4.0] [INFO] [] [] [tid: _ThreadID=122 _ThreadName=Thread-16] [timeMillis: 1435712325639] [levelValue: 800] [[
  this.makeModuleFor(com.sun.el.javax.el, 3.0.0) returned OSGiModuleImpl:: Bundle = [com.sun.el.javax.el [132]], State = [READY]]]

[2015-06-30T20:58:45.639-0400] [glassfish 4.0] [INFO] [] [] [tid: _ThreadID=122 _ThreadName=Thread-16] [timeMillis: 1435712325639] [levelValue: 800] [[
  this.makeModuleFor(com.sun.jsftemplating, 2.1.0) returned OSGiModuleImpl:: Bundle = [com.sun.jsftemplating [186]], State = [READY]]]

[2015-06-30T20:58:45.640-0400] [glassfish 4.0] [INFO] [] [] [tid: _ThreadID=122 _ThreadName=Thread-16] [timeMillis: 1435712325640] [levelValue: 800] [[
  this.makeModuleFor(org.glassfish.main.admingui.dataprovider, 4.0.0) returned OSGiModuleImpl:: Bundle = [org.glassfish.main.admingui.dataprovider [63]], State = [READY]]]

[2015-06-30T20:58:45.640-0400] [glassfish 4.0] [INFO] [] [] [tid: _ThreadID=122 _ThreadName=Thread-16] [timeMillis: 1435712325640] [levelValue: 800] [[
  this.makeModuleFor(com.sun.pkg.client, 1.0.0) returned OSGiModuleImpl:: Bundle = [com.sun.pkg.client [229]], State = [READY]]]

[2015-06-30T20:58:45.640-0400] [glassfish 4.0] [INFO] [] [] [tid: _ThreadID=122 _ThreadName=Thread-16] [timeMillis: 1435712325640] [levelValue: 800] [[
  this.makeModuleFor(org.glassfish.main.admingui.console-jca-plugin, 4.0.0) returned OSGiModuleImpl:: Bundle = [org.glassfish.main.admingui.console-jca-plugin [54]], State = [READY]]]

[2015-06-30T20:58:45.640-0400] [glassfish 4.0] [INFO] [] [] [tid: _ThreadID=122 _ThreadName=Thread-16] [timeMillis: 1435712325640] [levelValue: 800] [[
  this.makeModuleFor(org.glassfish.main.admingui.console-corba-plugin, 4.0.0) returned OSGiModuleImpl:: Bundle = [org.glassfish.main.admingui.console-corba-plugin [51]], State = [READY]]]

[2015-06-30T20:58:45.640-0400] [glassfish 4.0] [INFO] [] [] [tid: _ThreadID=122 _ThreadName=Thread-16] [timeMillis: 1435712325640] [levelValue: 800] [[
  this.makeModuleFor(org.glassfish.main.admingui.console-web-plugin, 4.0.0) returned OSGiModuleImpl:: Bundle = [org.glassfish.main.admingui.console-web-plugin [60]], State = [READY]]]

[2015-06-30T20:58:45.640-0400] [glassfish 4.0] [INFO] [] [] [tid: _ThreadID=122 _ThreadName=Thread-16] [timeMillis: 1435712325640] [levelValue: 800] [[
  this.makeModuleFor(org.glassfish.main.admingui.console-community-branding-plugin, 4.0.0) returned OSGiModuleImpl:: Bundle = [org.glassfish.main.admingui.console-community-branding-plugin [49]], State = [READY]]]

[2015-06-30T20:58:45.640-0400] [glassfish 4.0] [INFO] [] [] [tid: _ThreadID=122 _ThreadName=Thread-16] [timeMillis: 1435712325640] [levelValue: 800] [[
  this.makeModuleFor(org.glassfish.main.admingui.console-jts-plugin, 4.0.0) returned OSGiModuleImpl:: Bundle = [org.glassfish.main.admingui.console-jts-plugin [57]], State = [READY]]]

[2015-06-30T20:58:45.641-0400] [glassfish 4.0] [INFO] [] [] [tid: _ThreadID=122 _ThreadName=Thread-16] [timeMillis: 1435712325641] [levelValue: 800] [[
  this.makeModuleFor(org.glassfish.main.admingui.console-ejb-plugin, 4.0.0) returned OSGiModuleImpl:: Bundle = [org.glassfish.main.admingui.console-ejb-plugin [53]], State = [READY]]]

[2015-06-30T20:58:45.641-0400] [glassfish 4.0] [INFO] [] [] [tid: _ThreadID=122 _ThreadName=Thread-16] [timeMillis: 1435712325641] [levelValue: 800] [[
  this.makeModuleFor(org.glassfish.main.admingui.console-common-full-plugin, 4.0.0) returned OSGiModuleImpl:: Bundle = [org.glassfish.main.admingui.console-common-full-plugin [47]], State = [READY]]]

[2015-06-30T20:58:45.641-0400] [glassfish 4.0] [INFO] [] [] [tid: _ThreadID=122 _ThreadName=Thread-16] [timeMillis: 1435712325641] [levelValue: 800] [[
  this.makeModuleFor(org.glassfish.main.admingui.console-concurrent-plugin, 4.0.0) returned OSGiModuleImpl:: Bundle = [org.glassfish.main.admingui.console-concurrent-plugin [50]], State = [READY]]]

[2015-06-30T20:58:45.641-0400] [glassfish 4.0] [INFO] [] [] [tid: _ThreadID=122 _ThreadName=Thread-16] [timeMillis: 1435712325641] [levelValue: 800] [[
  this.makeModuleFor(org.glassfish.main.admingui.console-common, 4.0.0) returned OSGiModuleImpl:: Bundle = [org.glassfish.main.admingui.console-common [48]], State = [READY]]]

[2015-06-30T20:58:45.641-0400] [glassfish 4.0] [INFO] [] [] [tid: _ThreadID=122 _ThreadName=Thread-16] [timeMillis: 1435712325641] [levelValue: 800] [[
  this.makeModuleFor(org.glassfish.main.admingui.console-jms-plugin, 4.0.0) returned OSGiModuleImpl:: Bundle = [org.glassfish.main.admingui.console-jms-plugin [56]], State = [READY]]]

[2015-06-30T20:58:45.641-0400] [glassfish 4.0] [INFO] [] [] [tid: _ThreadID=122 _ThreadName=Thread-16] [timeMillis: 1435712325641] [levelValue: 800] [[
  this.makeModuleFor(org.glassfish.main.admingui.console-cluster-plugin, 4.0.0) returned OSGiModuleImpl:: Bundle = [org.glassfish.main.admingui.console-cluster-plugin [46]], State = [READY]]]

[2015-06-30T20:58:45.642-0400] [glassfish 4.0] [INFO] [] [] [tid: _ThreadID=122 _ThreadName=Thread-16] [timeMillis: 1435712325642] [levelValue: 800] [[
  this.makeModuleFor(org.glassfish.main.admingui.console-ejb-lite-plugin, 4.0.0) returned OSGiModuleImpl:: Bundle = [org.glassfish.main.admingui.console-ejb-lite-plugin [52]], State = [READY]]]

[2015-06-30T20:58:45.642-0400] [glassfish 4.0] [INFO] [] [] [tid: _ThreadID=122 _ThreadName=Thread-16] [timeMillis: 1435712325642] [levelValue: 800] [[
  this.makeModuleFor(org.glassfish.main.admingui.console-updatecenter-plugin, 4.0.0) returned OSGiModuleImpl:: Bundle = [org.glassfish.main.admingui.console-updatecenter-plugin [59]], State = [READY]]]

[2015-06-30T20:58:45.642-0400] [glassfish 4.0] [INFO] [] [] [tid: _ThreadID=122 _ThreadName=Thread-16] [timeMillis: 1435712325642] [levelValue: 800] [[
  this.makeModuleFor(org.glassfish.main.admingui.console-jdbc-plugin, 4.0.0) returned OSGiModuleImpl:: Bundle = [org.glassfish.main.admingui.console-jdbc-plugin [55]], State = [READY]]]

[2015-06-30T20:58:47.015-0400] [glassfish 4.0] [INFO] [jsf.config.listener.version] [javax.enterprise.resource.webcontainer.jsf.config] [tid: _ThreadID=122 _ThreadName=Thread-16] [timeMillis: 1435712327015] [levelValue: 800] [[
  Initializing Mojarra 2.2.0 ( 20130502-2118 https://svn.java.net/svn/mojarra~svn/tags/2.2.0@11930) for context '']]

[2015-06-30T20:58:48.484-0400] [glassfish 4.0] [INFO] [AS-WEB-GLUE-00172] [javax.enterprise.web] [tid: _ThreadID=122 _ThreadName=Thread-16] [timeMillis: 1435712328484] [levelValue: 800] [[
  Loading application [__admingui] at [/]]]

[2015-06-30T20:58:48.485-0400] [glassfish 4.0] [INFO] [NCLS-CORE-00022] [javax.enterprise.system.core] [tid: _ThreadID=122 _ThreadName=Thread-16] [timeMillis: 1435712328485] [levelValue: 800] [[
  Loading application __admingui done in 5,800 ms]]

[2015-06-30T20:58:48.946-0400] [glassfish 4.0] [WARNING] [] [javax.enterprise.system.container.web.com.sun.web.security] [tid: _ThreadID=33 _ThreadName=admin-listener(1)] [timeMillis: 1435712328946] [levelValue: 900] [[
  Context path from ServletContext:  differs from path from bundle: /]]

[2015-06-30T20:58:49.353-0400] [glassfish 4.0] [SEVERE] [java_security.expired_certificate] [javax.enterprise.system.ssl.security.com.sun.enterprise.security.ssl.impl] [tid: _ThreadID=33 _ThreadName=admin-listener(1)] [timeMillis: 1435712329353] [levelValue: 1000] [[
  SEC5054: Certificate has expired: [
[
  Version: V3
  Subject: CN=GTE CyberTrust Root 5, OU="GTE CyberTrust Solutions, Inc.", O=GTE Corporation, C=US
  Signature Algorithm: SHA1withRSA, OID = 1.2.840.113549.1.1.5

  Key:  Sun RSA public key, 2048 bits
  modulus: 23741889829347261660812437366387754385443431973861114865490414153884050331745811968523116847625570146592736935209718565296053386842135985534863157983128812774162998053673746470782252407673402238146869994438729551246768368782318393878374421033907597162218758024581735139682087126982809511479059100617027892880227587855877479432885604404402435662802390484099065871430585284534529627347717530352189612077130606642676951640071336717026459037542552927905851171460589361570392199748753414855675665635003335769915908187224347232807336022456537328962095005323382940080676931822787496212635993279098588863972868266229522169377
  public exponent: 65537
  Validity: [From: Fri Aug 14 10:50:00 EDT 1998,
               To: Wed Aug 14 19:59:00 EDT 2013]
  Issuer: CN=GTE CyberTrust Root 5, OU="GTE CyberTrust Solutions, Inc.", O=GTE Corporation, C=US
  SerialNumber: [    01b6]

Certificate Extensions: 4
[1]: ObjectId: 2.5.29.19 Criticality=true
BasicConstraints:[
  CA:true
  PathLen:5
]

[2]: ObjectId: 2.5.29.32 Criticality=false
CertificatePolicies [
  [CertificatePolicyId: [1.2.840.113763.1.2.1.3]
[]  ]
]

[3]: ObjectId: 2.5.29.15 Criticality=true
KeyUsage [
  Key_CertSign
  Crl_Sign
]

[4]: ObjectId: 2.5.29.14 Criticality=false
SubjectKeyIdentifier [
KeyIdentifier [
0000: 76 0A 49 21 38 4C 9F DE   F8 C4 49 C7 71 71 91 9D  v.I!8L....I.qq..
]
]

]
  Algorithm: [SHA1withRSA]
  Signature:
0000: 41 3A D4 18 5B DA B8 DE   21 1C E1 8E 09 E5 F1 68  A:..[...!......h
0010: 34 FF DE 96 F4 07 F5 A7   3C F3 AC 4A B1 9B FA 92  4.......<..J....
0020: FA 9B ED E6 32 21 AA 4A   76 C5 DC 4F 38 E5 DF D5  ....2!.Jv..O8...
0030: 86 E4 D5 C8 76 7D 98 D7   B1 CD 8F 4D B5 91 23 6C  ....v......M..#l
0040: 8B 8A EB EA 7C EF 14 94   C4 C6 F0 1F 4A 2D 32 71  ............J-2q
0050: 63 2B 63 91 26 02 09 B6   80 1D ED E2 CC B8 7F DB  c+c.&...........
0060: 87 63 C8 E1 D0 6C 26 B1   35 1D 40 66 10 1B CD 95  .c...l&.5.@f....
0070: 54 18 33 61 EC 13 4F DA   13 F7 99 AF 3E D0 CF 8E  T.3a..O.....>...
0080: A6 72 A2 B3 C3 05 9A C9   27 7D 92 CC 7E 52 8D B3  .r......'....R..
0090: AB 70 6D 9E 89 9F 4D EB   1A 75 C2 98 AA D5 02 16  .pm...M..u......
00A0: D7 0C 8A BF 25 E4 EB 2D   BC 98 E9 58 38 19 7C B9  ....%..-...X8...
00B0: 37 FE DB E2 99 08 73 06   C7 97 83 6A 7D 10 01 2F  7.....s....j.../
00C0: 32 B9 17 05 4A 65 E6 2F   CE BE 5E 53 A6 82 E9 9A  2...Je./..^S....
00D0: 53 0A 84 74 2D 83 CA C8   94 16 76 5F 94 61 28 F0  S..t-.....v_.a(.
00E0: 85 A7 39 BB D7 8B D9 A8   B2 13 1D 54 09 34 24 7D  ..9........T.4$.
00F0: 20 81 7D 66 7E A2 90 74   5C 10 C6 BD EC AB 1B C2   ..f...t\.......

]]]

[2015-06-30T20:58:51.043-0400] [glassfish 4.0] [SEVERE] [java_security.expired_certificate] [javax.enterprise.system.ssl.security.com.sun.enterprise.security.ssl.impl] [tid: _ThreadID=147 _ThreadName=admin-listener(9)] [timeMillis: 1435712331043] [levelValue: 1000] [[
  SEC5054: Certificate has expired: [
[
  Version: V3
  Subject: CN=GTE CyberTrust Root 5, OU="GTE CyberTrust Solutions, Inc.", O=GTE Corporation, C=US
  Signature Algorithm: SHA1withRSA, OID = 1.2.840.113549.1.1.5

  Key:  Sun RSA public key, 2048 bits
  modulus: 23741889829347261660812437366387754385443431973861114865490414153884050331745811968523116847625570146592736935209718565296053386842135985534863157983128812774162998053673746470782252407673402238146869994438729551246768368782318393878374421033907597162218758024581735139682087126982809511479059100617027892880227587855877479432885604404402435662802390484099065871430585284534529627347717530352189612077130606642676951640071336717026459037542552927905851171460589361570392199748753414855675665635003335769915908187224347232807336022456537328962095005323382940080676931822787496212635993279098588863972868266229522169377
  public exponent: 65537
  Validity: [From: Fri Aug 14 10:50:00 EDT 1998,
               To: Wed Aug 14 19:59:00 EDT 2013]
  Issuer: CN=GTE CyberTrust Root 5, OU="GTE CyberTrust Solutions, Inc.", O=GTE Corporation, C=US
  SerialNumber: [    01b6]

Certificate Extensions: 4
[1]: ObjectId: 2.5.29.19 Criticality=true
BasicConstraints:[
  CA:true
  PathLen:5
]

[2]: ObjectId: 2.5.29.32 Criticality=false
CertificatePolicies [
  [CertificatePolicyId: [1.2.840.113763.1.2.1.3]
[]  ]
]

[3]: ObjectId: 2.5.29.15 Criticality=true
KeyUsage [
  Key_CertSign
  Crl_Sign
]

[4]: ObjectId: 2.5.29.14 Criticality=false
SubjectKeyIdentifier [
KeyIdentifier [
0000: 76 0A 49 21 38 4C 9F DE   F8 C4 49 C7 71 71 91 9D  v.I!8L....I.qq..
]
]

]
  Algorithm: [SHA1withRSA]
  Signature:
0000: 41 3A D4 18 5B DA B8 DE   21 1C E1 8E 09 E5 F1 68  A:..[...!......h
0010: 34 FF DE 96 F4 07 F5 A7   3C F3 AC 4A B1 9B FA 92  4.......<..J....
0020: FA 9B ED E6 32 21 AA 4A   76 C5 DC 4F 38 E5 DF D5  ....2!.Jv..O8...
0030: 86 E4 D5 C8 76 7D 98 D7   B1 CD 8F 4D B5 91 23 6C  ....v......M..#l
0040: 8B 8A EB EA 7C EF 14 94   C4 C6 F0 1F 4A 2D 32 71  ............J-2q
0050: 63 2B 63 91 26 02 09 B6   80 1D ED E2 CC B8 7F DB  c+c.&...........
0060: 87 63 C8 E1 D0 6C 26 B1   35 1D 40 66 10 1B CD 95  .c...l&.5.@f....
0070: 54 18 33 61 EC 13 4F DA   13 F7 99 AF 3E D0 CF 8E  T.3a..O.....>...
0080: A6 72 A2 B3 C3 05 9A C9   27 7D 92 CC 7E 52 8D B3  .r......'....R..
0090: AB 70 6D 9E 89 9F 4D EB   1A 75 C2 98 AA D5 02 16  .pm...M..u......
00A0: D7 0C 8A BF 25 E4 EB 2D   BC 98 E9 58 38 19 7C B9  ....%..-...X8...
00B0: 37 FE DB E2 99 08 73 06   C7 97 83 6A 7D 10 01 2F  7.....s....j.../
00C0: 32 B9 17 05 4A 65 E6 2F   CE BE 5E 53 A6 82 E9 9A  2...Je./..^S....
00D0: 53 0A 84 74 2D 83 CA C8   94 16 76 5F 94 61 28 F0  S..t-.....v_.a(.
00E0: 85 A7 39 BB D7 8B D9 A8   B2 13 1D 54 09 34 24 7D  ..9........T.4$.
00F0: 20 81 7D 66 7E A2 90 74   5C 10 C6 BD EC AB 1B C2   ..f...t\.......

]]]

[2015-06-30T20:58:51.095-0400] [glassfish 4.0] [INFO] [] [org.glassfish.admingui] [tid: _ThreadID=147 _ThreadName=admin-listener(9)] [timeMillis: 1435712331095] [levelValue: 800] [[
  Redirecting to /]]

[2015-06-30T20:58:51.259-0400] [glassfish 4.0] [INFO] [] [org.glassfish.admingui] [tid: _ThreadID=145 _ThreadName=admin-listener(7)] [timeMillis: 1435712331259] [levelValue: 800] [[
  Admin Console: Initializing Session Attributes...]]

[2015-06-30T20:59:58.856-0400] [glassfish 4.0] [INFO] [] [org.glassfish.admingui] [tid: _ThreadID=147 _ThreadName=admin-listener(9)] [timeMillis: 1435712398856] [levelValue: 800] [[
  GUI deployment: uploadToTempfile]]

[2015-06-30T20:59:58.878-0400] [glassfish 4.0] [INFO] [] [org.glassfish.admingui] [tid: _ThreadID=147 _ThreadName=admin-listener(9)] [timeMillis: 1435712398878] [levelValue: 800] [[
  uploadFileName=quercus-4.0.39.war]]

[2015-06-30T20:59:59.783-0400] [glassfish 4.0] [INFO] [] [javax.enterprise.system.tools.deployment.common] [tid: _ThreadID=145 _ThreadName=admin-listener(7)] [timeMillis: 1435712399783] [levelValue: 800] [[
  visiting unvisited references]]

[2015-06-30T21:00:00.189-0400] [glassfish 4.0] [INFO] [] [org.jboss.weld.Version] [tid: _ThreadID=145 _ThreadName=admin-listener(7)] [timeMillis: 1435712400189] [levelValue: 800] [[
  WELD-000900 2.0.0 (SP1)]]

[2015-06-30T21:00:03.278-0400] [glassfish 4.0] [WARNING] [] [org.glassfish.weld.BeanDeploymentArchiveImpl] [tid: _ThreadID=145 _ThreadName=admin-listener(7)] [timeMillis: 1435712403278] [levelValue: 900] [[
  AS-CDI-005]]

[2015-06-30T21:00:03.281-0400] [glassfish 4.0] [WARNING] [] [org.glassfish.weld.BeanDeploymentArchiveImpl] [tid: _ThreadID=145 _ThreadName=admin-listener(7)] [timeMillis: 1435712403281] [levelValue: 900] [[
  AS-CDI-005]]

[2015-06-30T21:00:03.284-0400] [glassfish 4.0] [WARNING] [] [org.glassfish.weld.BeanDeploymentArchiveImpl] [tid: _ThreadID=145 _ThreadName=admin-listener(7)] [timeMillis: 1435712403284] [levelValue: 900] [[
  AS-CDI-005]]

[2015-06-30T21:00:03.286-0400] [glassfish 4.0] [WARNING] [] [org.glassfish.weld.BeanDeploymentArchiveImpl] [tid: _ThreadID=145 _ThreadName=admin-listener(7)] [timeMillis: 1435712403286] [levelValue: 900] [[
  AS-CDI-005]]

[2015-06-30T21:00:03.289-0400] [glassfish 4.0] [WARNING] [] [org.glassfish.weld.BeanDeploymentArchiveImpl] [tid: _ThreadID=145 _ThreadName=admin-listener(7)] [timeMillis: 1435712403289] [levelValue: 900] [[
  AS-CDI-005]]

[2015-06-30T21:00:04.815-0400] [glassfish 4.0] [WARNING] [] [org.glassfish.weld.BeanDeploymentArchiveImpl] [tid: _ThreadID=145 _ThreadName=admin-listener(7)] [timeMillis: 1435712404815] [levelValue: 900] [[
  AS-CDI-005]]

[2015-06-30T21:00:04.817-0400] [glassfish 4.0] [WARNING] [] [org.glassfish.weld.BeanDeploymentArchiveImpl] [tid: _ThreadID=145 _ThreadName=admin-listener(7)] [timeMillis: 1435712404817] [levelValue: 900] [[
  AS-CDI-005]]

[2015-06-30T21:00:06.132-0400] [glassfish 4.0] [WARNING] [] [org.jboss.weld.interceptor.util.InterceptionTypeRegistry] [tid: _ThreadID=145 _ThreadName=admin-listener(7)] [timeMillis: 1435712406132] [levelValue: 900] [[
  Class 'javax.ejb.PostActivate' not found, interception based on it is not enabled]]

[2015-06-30T21:00:06.133-0400] [glassfish 4.0] [WARNING] [] [org.jboss.weld.interceptor.util.InterceptionTypeRegistry] [tid: _ThreadID=145 _ThreadName=admin-listener(7)] [timeMillis: 1435712406133] [levelValue: 900] [[
  Class 'javax.ejb.PrePassivate' not found, interception based on it is not enabled]]

[2015-06-30T21:00:06.638-0400] [glassfish 4.0] [INFO] [AS-WEB-GLUE-00172] [javax.enterprise.web] [tid: _ThreadID=145 _ThreadName=admin-listener(7)] [timeMillis: 1435712406638] [levelValue: 800] [[
  Loading application [quercus-4.0.39] at [/quercus-4.0.39]]]

[2015-06-30T21:00:06.685-0400] [glassfish 4.0] [INFO] [] [javax.enterprise.system.core] [tid: _ThreadID=145 _ThreadName=admin-listener(7)] [timeMillis: 1435712406685] [levelValue: 800] [[
  quercus-4.0.39 was successfully deployed in 7,468 milliseconds.]]

[2015-06-30T21:00:40.070-0400] [glassfish 4.0] [INFO] [] [com.caucho.quercus.servlet.QuercusServlet] [tid: _ThreadID=108 _ThreadName=http-listener-1(4)] [timeMillis: 1435712440070] [levelValue: 800] [[
  QuercusServlet starting as QuercusServletImpl]]

[2015-06-30T21:00:40.593-0400] [glassfish 4.0] [INFO] [] [com.caucho.quercus.servlet.QuercusServlet] [tid: _ThreadID=108 _ThreadName=http-listener-1(4)] [timeMillis: 1435712440593] [levelValue: 800] [[
  Quercus finished initialization in 526ms]]

